2020-07-14 09:42:12,064 [Worker-1: Loading available Gradle versions] INFO  o.e.b.c.i.u.g.PublishedGradleVersions - Gradle version information cache is out-of-date. Trying to update.
2020-07-14 10:51:27,738 [Worker-33: Installing artifact] INFO  o.e.m.c.i.e.AbstractTransferListenerAdapter - Downloading https://repo.maven.apache.org/maven2/org/apache/maven/plugins/maven-clean-plugin/2.5/maven-clean-plugin-2.5.pom
2020-07-14 10:51:28,074 [Worker-33: Installing artifact] INFO  o.e.m.c.i.e.AbstractTransferListenerAdapter - Downloaded https://repo.maven.apache.org/maven2/org/apache/maven/plugins/maven-clean-plugin/2.5/maven-clean-plugin-2.5.pom
2020-07-14 10:51:28,615 [Worker-33: Installing artifact] INFO  o.e.m.c.i.e.AbstractTransferListenerAdapter - Downloading https://repo.maven.apache.org/maven2/org/apache/maven/plugins/maven-install-plugin/2.4/maven-install-plugin-2.4.pom
2020-07-14 10:51:28,814 [Worker-33: Installing artifact] INFO  o.e.m.c.i.e.AbstractTransferListenerAdapter - Downloaded https://repo.maven.apache.org/maven2/org/apache/maven/plugins/maven-install-plugin/2.4/maven-install-plugin-2.4.pom
2020-07-14 10:51:29,963 [Worker-33: Installing artifact] INFO  o.e.m.c.i.e.AbstractTransferListenerAdapter - Downloading https://repo.maven.apache.org/maven2/org/codehaus/plexus/plexus-utils/3.0.5/plexus-utils-3.0.5.pom
2020-07-14 10:51:30,153 [Worker-33: Installing artifact] INFO  o.e.m.c.i.e.AbstractTransferListenerAdapter - Downloaded https://repo.maven.apache.org/maven2/org/codehaus/plexus/plexus-utils/3.0.5/plexus-utils-3.0.5.pom
2020-07-14 10:51:30,323 [Worker-33: Installing artifact] INFO  o.e.m.c.i.e.AbstractTransferListenerAdapter - Downloading https://repo.maven.apache.org/maven2/org/codehaus/plexus/plexus/3.1/plexus-3.1.pom
2020-07-14 10:51:31,958 [Worker-33: Installing artifact] INFO  o.e.m.c.i.e.AbstractTransferListenerAdapter - Downloaded https://repo.maven.apache.org/maven2/org/codehaus/plexus/plexus/3.1/plexus-3.1.pom
2020-07-14 10:51:32,189 [Worker-33: Installing artifact] INFO  o.e.m.c.i.e.AbstractTransferListenerAdapter - Downloading https://repo.maven.apache.org/maven2/org/codehaus/plexus/plexus-digest/1.0/plexus-digest-1.0.pom
2020-07-14 10:51:32,390 [Worker-33: Installing artifact] INFO  o.e.m.c.i.e.AbstractTransferListenerAdapter - Downloaded https://repo.maven.apache.org/maven2/org/codehaus/plexus/plexus-digest/1.0/plexus-digest-1.0.pom
2020-07-14 10:51:32,564 [Worker-33: Installing artifact] INFO  o.e.m.c.i.e.AbstractTransferListenerAdapter - Downloading https://repo.maven.apache.org/maven2/org/codehaus/plexus/plexus-components/1.1.7/plexus-components-1.1.7.pom
2020-07-14 10:51:32,733 [Worker-33: Installing artifact] INFO  o.e.m.c.i.e.AbstractTransferListenerAdapter - Downloaded https://repo.maven.apache.org/maven2/org/codehaus/plexus/plexus-components/1.1.7/plexus-components-1.1.7.pom
2020-07-14 10:51:32,928 [Worker-33: Installing artifact] INFO  o.e.m.c.i.e.AbstractTransferListenerAdapter - Downloading https://repo.maven.apache.org/maven2/org/codehaus/plexus/plexus/1.0.8/plexus-1.0.8.pom
2020-07-14 10:51:33,132 [Worker-33: Installing artifact] INFO  o.e.m.c.i.e.AbstractTransferListenerAdapter - Downloaded https://repo.maven.apache.org/maven2/org/codehaus/plexus/plexus/1.0.8/plexus-1.0.8.pom
2020-07-14 10:51:33,302 [Worker-33: Installing artifact] INFO  o.e.m.c.i.e.AbstractTransferListenerAdapter - Downloading https://repo.maven.apache.org/maven2/org/codehaus/plexus/plexus-container-default/1.0-alpha-8/plexus-container-default-1.0-alpha-8.pom
2020-07-14 10:51:33,487 [Worker-33: Installing artifact] INFO  o.e.m.c.i.e.AbstractTransferListenerAdapter - Downloaded https://repo.maven.apache.org/maven2/org/codehaus/plexus/plexus-container-default/1.0-alpha-8/plexus-container-default-1.0-alpha-8.pom
2020-07-14 10:51:33,752 [AetherRepositoryConnector-repo.maven.apache.org-0-0] INFO  o.e.m.c.i.e.AbstractTransferListenerAdapter - Downloading https://repo.maven.apache.org/maven2/org/codehaus/plexus/plexus-utils/3.0.5/plexus-utils-3.0.5.jar
2020-07-14 10:51:34,226 [AetherRepositoryConnector-repo.maven.apache.org-0-1] INFO  o.e.m.c.i.e.AbstractTransferListenerAdapter - Downloading https://repo.maven.apache.org/maven2/org/codehaus/plexus/plexus-digest/1.0/plexus-digest-1.0.jar
2020-07-14 10:51:34,374 [AetherRepositoryConnector-repo.maven.apache.org-0-0] INFO  o.e.m.c.i.e.AbstractTransferListenerAdapter - Downloaded https://repo.maven.apache.org/maven2/org/codehaus/plexus/plexus-utils/3.0.5/plexus-utils-3.0.5.jar
2020-07-14 10:51:34,510 [AetherRepositoryConnector-repo.maven.apache.org-0-1] INFO  o.e.m.c.i.e.AbstractTransferListenerAdapter - Downloaded https://repo.maven.apache.org/maven2/org/codehaus/plexus/plexus-digest/1.0/plexus-digest-1.0.jar
2020-07-14 10:51:35,473 [Worker-33: Installing artifact] INFO  o.e.m.c.i.embedder.EclipseLogger - Installing C:\Users\Igori\Documents\Projects\Bootcamp desenvolvedor mobile\project\maven-lib\org.apache.commons.io_2.2.0.v201405211200.jar to C:\Users\Igori\.m2\repository\commonsIO\commonsIO\0.0.1-SNAPSHOT\commonsIO-0.0.1-SNAPSHOT.jar
2020-07-14 10:51:35,957 [Worker-33: Installing artifact] INFO  o.e.m.c.i.embedder.EclipseLogger - Installing C:\Users\Igori\AppData\Local\Temp\mvninstall8392129866022473392.pom to C:\Users\Igori\.m2\repository\commonsIO\commonsIO\0.0.1-SNAPSHOT\commonsIO-0.0.1-SNAPSHOT.pom
2020-07-14 10:51:59,462 [Worker-24: Installing artifact] INFO  o.e.m.c.i.embedder.EclipseLogger - Installing C:\Users\Igori\Documents\Projects\Bootcamp desenvolvedor mobile\project\lib\lombok.jar to C:\Users\Igori\.m2\repository\lombok\lombok\0.0.1-SNAPSHOT\lombok-0.0.1-SNAPSHOT.jar
2020-07-14 10:51:59,933 [Worker-24: Installing artifact] INFO  o.e.m.c.i.embedder.EclipseLogger - Installing C:\Users\Igori\AppData\Local\Temp\mvninstall8917101526072766597.pom to C:\Users\Igori\.m2\repository\lombok\lombok\0.0.1-SNAPSHOT\lombok-0.0.1-SNAPSHOT.pom
